e:\study files\数据库系统实现\项目dxl\db\x64\debug\vc141.pdb
e:\study files\数据库系统实现\项目dxl\db\x64\debug\vc141.idb
e:\study files\数据库系统实现\项目dxl\db\x64\debug\sqlhelper.obj
e:\study files\数据库系统实现\项目dxl\db\x64\debug\statements.obj
e:\study files\数据库系统实现\项目dxl\db\x64\debug\sqlstatement.obj
e:\study files\数据库系统实现\项目dxl\db\x64\debug\expr.obj
e:\study files\数据库系统实现\项目dxl\db\x64\debug\sqlparserresult.obj
e:\study files\数据库系统实现\项目dxl\db\x64\debug\sqlparser.obj
e:\study files\数据库系统实现\项目dxl\db\x64\debug\flex_lexer.obj
e:\study files\数据库系统实现\项目dxl\db\x64\debug\bison_parser.obj
e:\study files\数据库系统实现\项目dxl\db\x64\debug\main.obj
e:\study files\数据库系统实现\项目dxl\db\x64\debug\logger.obj
e:\study files\数据库系统实现\项目dxl\db\x64\debug\dict.obj
e:\study files\数据库系统实现\项目dxl\db\x64\debug\db.obj
e:\study files\数据库系统实现\项目dxl\db\x64\debug\convertor.obj
e:\study files\数据库系统实现\项目dxl\db\x64\debug\bplus_tree.obj
e:\study files\数据库系统实现\项目dxl\db\x64\debug\bplus_node.obj
e:\study files\数据库系统实现\项目dxl\db\x64\debug\blockmgr.obj
e:\study files\数据库系统实现\项目dxl\db\x64\debug\block.obj
e:\study files\数据库系统实现\项目dxl\db\x64\debug\base64.obj
e:\study files\数据库系统实现\项目dxl\x64\debug\dbserver.ilk
e:\study files\数据库系统实现\项目dxl\x64\debug\dbserver.exe
e:\study files\数据库系统实现\项目dxl\x64\debug\dbserver.pdb
e:\study files\数据库系统实现\项目dxl\db\x64\debug\dbserver.tlog\cl.command.1.tlog
e:\study files\数据库系统实现\项目dxl\db\x64\debug\dbserver.tlog\cl.read.1.tlog
e:\study files\数据库系统实现\项目dxl\db\x64\debug\dbserver.tlog\cl.write.1.tlog
e:\study files\数据库系统实现\项目dxl\db\x64\debug\dbserver.tlog\link.command.1.tlog
e:\study files\数据库系统实现\项目dxl\db\x64\debug\dbserver.tlog\link.read.1.tlog
e:\study files\数据库系统实现\项目dxl\db\x64\debug\dbserver.tlog\link.write.1.tlog
